{"/Users/839655roje/data/projects/agl-developer-test/src/app.js":{"path":"/Users/839655roje/data/projects/agl-developer-test/src/app.js","s":{"1":1,"2":1,"3":1,"4":1,"5":1,"6":9,"7":9,"8":9,"9":9,"10":9,"11":9,"12":1,"13":1,"14":1,"15":1,"16":0,"17":1,"18":1,"19":1,"20":6,"21":6,"22":20,"23":6,"24":0,"25":1,"26":28,"27":0,"28":1,"29":1,"30":28,"31":28,"32":1,"33":2,"34":1,"35":1,"36":7,"37":3,"38":4,"39":4,"40":11,"41":2,"42":9,"43":4,"44":1,"45":3,"46":6,"47":6,"48":5,"49":1,"50":4,"51":11,"52":10,"53":10,"54":13,"55":9,"56":10,"57":6,"58":1,"59":5,"60":3,"61":1,"62":2,"63":2,"64":3,"65":1,"66":1,"67":1,"68":1,"69":1},"b":{"1":[9,9],"2":[9,0],"3":[1,0],"4":[0,1],"5":[6,0],"6":[0,28],"7":[1,1],"8":[3,4],"9":[7,6,5],"10":[3,1],"11":[2,9],"12":[11,10],"13":[1,3],"14":[6,1],"15":[1,4],"16":[10,2],"17":[1,5],"18":[1,2],"19":[3,2]},"f":{"1":1,"2":1,"3":1,"4":6,"5":28,"6":1,"7":28,"8":2,"9":7,"10":11,"11":4,"12":6,"13":5,"14":11,"15":10,"16":13,"17":9,"18":6,"19":3,"20":2,"21":3,"22":1,"23":1,"24":1},"fnMap":{"1":{"name":"(anonymous_1)","line":0,"loc":{"start":{"line":0,"column":0},"end":{"line":0,"column":0}},"skip":true},"2":{"name":"defineProperties","line":0,"loc":{"start":{"line":0,"column":0},"end":{"line":0,"column":0}},"skip":true},"3":{"name":"(anonymous_3)","line":0,"loc":{"start":{"line":0,"column":0},"end":{"line":0,"column":0}},"skip":true},"4":{"name":"_toConsumableArray","line":0,"loc":{"start":{"line":0,"column":0},"end":{"line":0,"column":0}},"skip":true},"5":{"name":"_classCallCheck","line":0,"loc":{"start":{"line":0,"column":0},"end":{"line":0,"column":0}},"skip":true},"6":{"name":"(anonymous_6)","line":0,"loc":{"start":{"line":0,"column":0},"end":{"line":0,"column":0}},"skip":true},"7":{"name":"App","line":5,"loc":{"start":{"line":5,"column":14},"end":{"line":5,"column":22}}},"8":{"name":"render","line":9,"loc":{"start":{"line":9,"column":9},"end":{"line":9,"column":15}}},"9":{"name":"renderPets","line":17,"loc":{"start":{"line":17,"column":13},"end":{"line":17,"column":25}}},"10":{"name":"renderPet","line":28,"loc":{"start":{"line":28,"column":12},"end":{"line":28,"column":17}}},"11":{"name":"sortByName","line":33,"loc":{"start":{"line":33,"column":13},"end":{"line":33,"column":19}}},"12":{"name":"(anonymous_12)","line":35,"loc":{"start":{"line":35,"column":36},"end":{"line":35,"column":53}}},"13":{"name":"categorize","line":41,"loc":{"start":{"line":41,"column":13},"end":{"line":41,"column":19}}},"14":{"name":"(anonymous_14)","line":44,"loc":{"start":{"line":44,"column":14},"end":{"line":null,"column":null}}},"15":{"name":"(anonymous_15)","line":45,"loc":{"start":{"line":45,"column":14},"end":{"line":45,"column":38}}},"16":{"name":"(anonymous_16)","line":48,"loc":{"start":{"line":48,"column":35},"end":{"line":null,"column":null}}},"17":{"name":"(anonymous_17)","line":49,"loc":{"start":{"line":49,"column":15},"end":{"line":null,"column":null}}},"18":{"name":"fetch","line":58,"loc":{"start":{"line":58,"column":8},"end":{"line":58,"column":13}}},"19":{"name":"(anonymous_19)","line":61,"loc":{"start":{"line":61,"column":12},"end":{"line":61,"column":24}}},"20":{"name":"renderLoader","line":69,"loc":{"start":{"line":69,"column":17},"end":{"line":69,"column":17}}},"21":{"name":"renderError","line":73,"loc":{"start":{"line":73,"column":14},"end":{"line":73,"column":21}}},"22":{"name":"start","line":77,"loc":{"start":{"line":77,"column":10},"end":{"line":77,"column":10}}},"23":{"name":"(anonymous_23)","line":81,"loc":{"start":{"line":81,"column":12},"end":{"line":null,"column":null}}},"24":{"name":"(anonymous_24)","line":87,"loc":{"start":{"line":87,"column":12},"end":{"line":null,"column":null}}}},"statementMap":{"1":{"start":{"line":0,"column":0},"end":{"line":0,"column":0},"skip":true},"2":{"start":{"line":0,"column":0},"end":{"line":0,"column":0},"skip":true},"3":{"start":{"line":0,"column":0},"end":{"line":0,"column":0},"skip":true},"4":{"start":{"line":0,"column":0},"end":{"line":0,"column":0},"skip":true},"5":{"start":{"line":0,"column":0},"end":{"line":0,"column":0},"skip":true},"6":{"start":{"line":0,"column":0},"end":{"line":0,"column":0},"skip":true},"7":{"start":{"line":0,"column":0},"end":{"line":0,"column":0},"skip":true},"8":{"start":{"line":0,"column":0},"end":{"line":0,"column":0},"skip":true},"9":{"start":{"line":0,"column":0},"end":{"line":0,"column":0},"skip":true},"10":{"start":{"line":0,"column":0},"end":{"line":0,"column":0},"skip":true},"11":{"start":{"line":0,"column":0},"end":{"line":0,"column":0},"skip":true},"12":{"start":{"line":0,"column":0},"end":{"line":0,"column":0},"skip":true},"13":{"start":{"line":0,"column":0},"end":{"line":0,"column":0},"skip":true},"14":{"start":{"line":0,"column":0},"end":{"line":0,"column":0},"skip":true},"15":{"start":{"line":0,"column":0},"end":{"line":0,"column":0},"skip":true},"16":{"start":{"line":0,"column":0},"end":{"line":0,"column":0},"skip":true},"17":{"start":{"line":0,"column":0},"end":{"line":0,"column":0},"skip":true},"18":{"start":{"line":1,"column":0},"end":{"line":null,"column":null}},"19":{"start":{"line":0,"column":0},"end":{"line":0,"column":0},"skip":true},"20":{"start":{"line":0,"column":0},"end":{"line":0,"column":0},"skip":true},"21":{"start":{"line":0,"column":0},"end":{"line":0,"column":0},"skip":true},"22":{"start":{"line":0,"column":0},"end":{"line":0,"column":0},"skip":true},"23":{"start":{"line":0,"column":0},"end":{"line":0,"column":0},"skip":true},"24":{"start":{"line":0,"column":0},"end":{"line":0,"column":0},"skip":true},"25":{"start":{"line":0,"column":0},"end":{"line":0,"column":0},"skip":true},"26":{"start":{"line":0,"column":0},"end":{"line":0,"column":0},"skip":true},"27":{"start":{"line":0,"column":0},"end":{"line":0,"column":0},"skip":true},"28":{"start":{"line":3,"column":13},"end":{"line":null,"column":null}},"29":{"start":{"line":5,"column":14},"end":{"line":null,"column":null}},"30":{"start":{"line":0,"column":0},"end":{"line":0,"column":0},"skip":true},"31":{"start":{"line":6,"column":9},"end":{"line":null,"column":null}},"32":{"start":{"line":0,"column":0},"end":{"line":0,"column":0},"skip":true},"33":{"start":{"line":10,"column":8},"end":{"line":null,"column":null}},"34":{"start":{"line":10,"column":27},"end":{"line":null,"column":null}},"35":{"start":{"line":12,"column":9},"end":{"line":null,"column":null}},"36":{"start":{"line":18,"column":8},"end":{"line":null,"column":null}},"37":{"start":{"line":18,"column":63},"end":{"line":null,"column":null}},"38":{"start":{"line":19,"column":10},"end":{"line":null,"column":null}},"39":{"start":{"line":21,"column":13},"end":{"line":null,"column":null}},"40":{"start":{"line":29,"column":8},"end":{"line":null,"column":null}},"41":{"start":{"line":29,"column":47},"end":{"line":null,"column":null}},"42":{"start":{"line":30,"column":24},"end":{"line":null,"column":null}},"43":{"start":{"line":34,"column":8},"end":{"line":null,"column":null}},"44":{"start":{"line":34,"column":27},"end":{"line":null,"column":null}},"45":{"start":{"line":35,"column":11},"end":{"line":null,"column":null}},"46":{"start":{"line":36,"column":13},"end":{"line":null,"column":null}},"47":{"start":{"line":37,"column":13},"end":{"line":null,"column":null}},"48":{"start":{"line":42,"column":8},"end":{"line":null,"column":null}},"49":{"start":{"line":42,"column":27},"end":{"line":null,"column":null}},"50":{"start":{"line":43,"column":11},"end":{"line":null,"column":null}},"51":{"start":{"line":44,"column":22},"end":{"line":null,"column":null}},"52":{"start":{"line":46,"column":14},"end":{"line":null,"column":null}},"53":{"start":{"line":47,"column":21},"end":{"line":null,"column":null}},"54":{"start":{"line":48,"column":42},"end":{"line":null,"column":null}},"55":{"start":{"line":49,"column":22},"end":{"line":null,"column":null}},"56":{"start":{"line":51,"column":15},"end":{"line":null,"column":null}},"57":{"start":{"line":59,"column":8},"end":{"line":null,"column":null}},"58":{"start":{"line":59,"column":26},"end":{"line":null,"column":null}},"59":{"start":{"line":60,"column":11},"end":{"line":null,"column":null}},"60":{"start":{"line":62,"column":12},"end":{"line":null,"column":null}},"61":{"start":{"line":63,"column":17},"end":{"line":null,"column":null}},"62":{"start":{"line":65,"column":14},"end":{"line":null,"column":null}},"63":{"start":{"line":70,"column":11},"end":{"line":null,"column":null}},"64":{"start":{"line":74,"column":11},"end":{"line":null,"column":null}},"65":{"start":{"line":78,"column":10},"end":{"line":null,"column":null}},"66":{"start":{"line":79,"column":11},"end":{"line":null,"column":null}},"67":{"start":{"line":81,"column":22},"end":{"line":null,"column":null}},"68":{"start":{"line":87,"column":20},"end":{"line":null,"column":null}},"69":{"start":{"line":0,"column":0},"end":{"line":0,"column":0},"skip":true}},"branchMap":{"1":{"line":0,"type":"binary-expr","locations":[{"start":{"line":0,"column":0},"end":{"line":0,"column":0},"skip":true},{"start":{"line":0,"column":0},"end":{"line":0,"column":0},"skip":true}]},"2":{"line":0,"type":"if","locations":[{"start":{"line":0,"column":0},"end":{"line":0,"column":0},"skip":true},{"start":{"line":0,"column":0},"end":{"line":0,"column":0},"skip":true}]},"3":{"line":0,"type":"if","locations":[{"start":{"line":0,"column":0},"end":{"line":0,"column":0},"skip":true},{"start":{"line":0,"column":0},"end":{"line":0,"column":0},"skip":true}]},"4":{"line":0,"type":"if","locations":[{"start":{"line":0,"column":0},"end":{"line":0,"column":0},"skip":true},{"start":{"line":0,"column":0},"end":{"line":0,"column":0},"skip":true}]},"5":{"line":0,"type":"if","locations":[{"start":{"line":0,"column":0},"end":{"line":0,"column":0},"skip":true},{"start":{"line":0,"column":0},"end":{"line":0,"column":0},"skip":true}]},"6":{"line":0,"type":"if","locations":[{"start":{"line":0,"column":0},"end":{"line":0,"column":0},"skip":true},{"start":{"line":0,"column":0},"end":{"line":0,"column":0},"skip":true}]},"7":{"line":10,"type":"if","locations":[{"start":{"line":10,"column":8},"end":{"line":10,"column":8}},{"start":{"line":10,"column":8},"end":{"line":10,"column":8}}]},"8":{"line":18,"type":"if","locations":[{"start":{"line":18,"column":8},"end":{"line":18,"column":8}},{"start":{"line":18,"column":8},"end":{"line":18,"column":8}}]},"9":{"line":18,"type":"binary-expr","locations":[{"start":{"line":18,"column":8},"end":{"line":18,"column":8}},{"start":{"line":18,"column":29},"end":{"line":18,"column":8}},{"start":{"line":18,"column":50},"end":{"line":18,"column":4}}]},"10":{"line":19,"type":"cond-expr","locations":[{"start":{"line":19,"column":39},"end":{"line":19,"column":21}},{"start":{"line":19,"column":66},"end":{"line":19,"column":4}}]},"11":{"line":29,"type":"if","locations":[{"start":{"line":29,"column":8},"end":{"line":29,"column":8}},{"start":{"line":29,"column":8},"end":{"line":29,"column":8}}]},"12":{"line":29,"type":"binary-expr","locations":[{"start":{"line":29,"column":8},"end":{"line":29,"column":8}},{"start":{"line":29,"column":28},"end":{"line":29,"column":4}}]},"13":{"line":34,"type":"if","locations":[{"start":{"line":34,"column":8},"end":{"line":34,"column":8}},{"start":{"line":34,"column":8},"end":{"line":34,"column":8}}]},"14":{"line":36,"type":"binary-expr","locations":[{"start":{"line":36,"column":21},"end":{"line":36,"column":34}},{"start":{"line":36,"column":34},"end":{"line":36,"column":20}}]},"15":{"line":42,"type":"if","locations":[{"start":{"line":42,"column":8},"end":{"line":42,"column":8}},{"start":{"line":42,"column":8},"end":{"line":42,"column":8}}]},"16":{"line":48,"type":"binary-expr","locations":[{"start":{"line":48,"column":11},"end":{"line":48,"column":11}},{"start":{"line":48,"column":24},"end":{"line":48,"column":10}}]},"17":{"line":59,"type":"if","locations":[{"start":{"line":59,"column":8},"end":{"line":59,"column":8}},{"start":{"line":59,"column":8},"end":{"line":59,"column":8}}]},"18":{"line":62,"type":"if","locations":[{"start":{"line":62,"column":12},"end":{"line":62,"column":12}},{"start":{"line":62,"column":12},"end":{"line":62,"column":12}}]},"19":{"line":74,"type":"binary-expr","locations":[{"start":{"line":74,"column":42},"end":{"line":74,"column":42}},{"start":{"line":74,"column":59},"end":{"line":74,"column":11}}]}}}}