{"/Users/839655roje/data/projects/agl-developer-test/src/app.js":{"path":"/Users/839655roje/data/projects/agl-developer-test/src/app.js","s":{"1":1,"2":1,"3":1,"4":1,"5":1,"6":8,"7":8,"8":8,"9":8,"10":8,"11":8,"12":1,"13":1,"14":1,"15":1,"16":0,"17":1,"18":1,"19":1,"20":6,"21":6,"22":20,"23":6,"24":0,"25":1,"26":25,"27":0,"28":1,"29":1,"30":25,"31":25,"32":1,"33":2,"34":1,"35":1,"36":7,"37":3,"38":4,"39":8,"40":4,"41":4,"42":1,"43":3,"44":6,"45":6,"46":5,"47":1,"48":4,"49":11,"50":10,"51":10,"52":13,"53":9,"54":10,"55":6,"56":1,"57":5,"58":3,"59":1,"60":2,"61":2,"62":3,"63":1,"64":1,"65":1,"66":1,"67":1},"b":{"1":[8,8],"2":[8,0],"3":[1,0],"4":[0,1],"5":[6,0],"6":[0,25],"7":[1,1],"8":[3,4],"9":[7,6,5],"10":[3,1],"11":[1,3],"12":[6,1],"13":[1,4],"14":[10,2],"15":[1,5],"16":[1,2],"17":[3,2]},"f":{"1":1,"2":1,"3":1,"4":6,"5":25,"6":1,"7":25,"8":2,"9":7,"10":8,"11":4,"12":6,"13":5,"14":11,"15":10,"16":13,"17":9,"18":6,"19":3,"20":2,"21":3,"22":1,"23":1,"24":1},"fnMap":{"1":{"name":"(anonymous_1)","line":0,"loc":{"start":{"line":0,"column":0},"end":{"line":0,"column":0}},"skip":true},"2":{"name":"defineProperties","line":0,"loc":{"start":{"line":0,"column":0},"end":{"line":0,"column":0}},"skip":true},"3":{"name":"(anonymous_3)","line":0,"loc":{"start":{"line":0,"column":0},"end":{"line":0,"column":0}},"skip":true},"4":{"name":"_toConsumableArray","line":0,"loc":{"start":{"line":0,"column":0},"end":{"line":0,"column":0}},"skip":true},"5":{"name":"_classCallCheck","line":0,"loc":{"start":{"line":0,"column":0},"end":{"line":0,"column":0}},"skip":true},"6":{"name":"(anonymous_6)","line":0,"loc":{"start":{"line":0,"column":0},"end":{"line":0,"column":0}},"skip":true},"7":{"name":"App","line":5,"loc":{"start":{"line":5,"column":14},"end":{"line":5,"column":22}}},"8":{"name":"render","line":9,"loc":{"start":{"line":9,"column":9},"end":{"line":9,"column":15}}},"9":{"name":"renderPets","line":17,"loc":{"start":{"line":17,"column":13},"end":{"line":17,"column":25}}},"10":{"name":"(anonymous_10)","line":19,"loc":{"start":{"line":19,"column":48},"end":{"line":null,"column":null}}},"11":{"name":"sortByName","line":28,"loc":{"start":{"line":28,"column":13},"end":{"line":28,"column":19}}},"12":{"name":"(anonymous_12)","line":30,"loc":{"start":{"line":30,"column":36},"end":{"line":30,"column":53}}},"13":{"name":"categorize","line":36,"loc":{"start":{"line":36,"column":13},"end":{"line":36,"column":19}}},"14":{"name":"(anonymous_14)","line":39,"loc":{"start":{"line":39,"column":14},"end":{"line":null,"column":null}}},"15":{"name":"(anonymous_15)","line":40,"loc":{"start":{"line":40,"column":14},"end":{"line":40,"column":38}}},"16":{"name":"(anonymous_16)","line":43,"loc":{"start":{"line":43,"column":35},"end":{"line":null,"column":null}}},"17":{"name":"(anonymous_17)","line":44,"loc":{"start":{"line":44,"column":15},"end":{"line":null,"column":null}}},"18":{"name":"fetch","line":53,"loc":{"start":{"line":53,"column":8},"end":{"line":53,"column":13}}},"19":{"name":"(anonymous_19)","line":56,"loc":{"start":{"line":56,"column":12},"end":{"line":56,"column":24}}},"20":{"name":"renderLoader","line":64,"loc":{"start":{"line":64,"column":17},"end":{"line":64,"column":17}}},"21":{"name":"renderError","line":68,"loc":{"start":{"line":68,"column":14},"end":{"line":68,"column":21}}},"22":{"name":"start","line":72,"loc":{"start":{"line":72,"column":10},"end":{"line":72,"column":10}}},"23":{"name":"(anonymous_23)","line":76,"loc":{"start":{"line":76,"column":12},"end":{"line":null,"column":null}}},"24":{"name":"(anonymous_24)","line":82,"loc":{"start":{"line":82,"column":12},"end":{"line":null,"column":null}}}},"statementMap":{"1":{"start":{"line":0,"column":0},"end":{"line":0,"column":0},"skip":true},"2":{"start":{"line":0,"column":0},"end":{"line":0,"column":0},"skip":true},"3":{"start":{"line":0,"column":0},"end":{"line":0,"column":0},"skip":true},"4":{"start":{"line":0,"column":0},"end":{"line":0,"column":0},"skip":true},"5":{"start":{"line":0,"column":0},"end":{"line":0,"column":0},"skip":true},"6":{"start":{"line":0,"column":0},"end":{"line":0,"column":0},"skip":true},"7":{"start":{"line":0,"column":0},"end":{"line":0,"column":0},"skip":true},"8":{"start":{"line":0,"column":0},"end":{"line":0,"column":0},"skip":true},"9":{"start":{"line":0,"column":0},"end":{"line":0,"column":0},"skip":true},"10":{"start":{"line":0,"column":0},"end":{"line":0,"column":0},"skip":true},"11":{"start":{"line":0,"column":0},"end":{"line":0,"column":0},"skip":true},"12":{"start":{"line":0,"column":0},"end":{"line":0,"column":0},"skip":true},"13":{"start":{"line":0,"column":0},"end":{"line":0,"column":0},"skip":true},"14":{"start":{"line":0,"column":0},"end":{"line":0,"column":0},"skip":true},"15":{"start":{"line":0,"column":0},"end":{"line":0,"column":0},"skip":true},"16":{"start":{"line":0,"column":0},"end":{"line":0,"column":0},"skip":true},"17":{"start":{"line":0,"column":0},"end":{"line":0,"column":0},"skip":true},"18":{"start":{"line":1,"column":0},"end":{"line":null,"column":null}},"19":{"start":{"line":0,"column":0},"end":{"line":0,"column":0},"skip":true},"20":{"start":{"line":0,"column":0},"end":{"line":0,"column":0},"skip":true},"21":{"start":{"line":0,"column":0},"end":{"line":0,"column":0},"skip":true},"22":{"start":{"line":0,"column":0},"end":{"line":0,"column":0},"skip":true},"23":{"start":{"line":0,"column":0},"end":{"line":0,"column":0},"skip":true},"24":{"start":{"line":0,"column":0},"end":{"line":0,"column":0},"skip":true},"25":{"start":{"line":0,"column":0},"end":{"line":0,"column":0},"skip":true},"26":{"start":{"line":0,"column":0},"end":{"line":0,"column":0},"skip":true},"27":{"start":{"line":0,"column":0},"end":{"line":0,"column":0},"skip":true},"28":{"start":{"line":3,"column":13},"end":{"line":null,"column":null}},"29":{"start":{"line":5,"column":14},"end":{"line":null,"column":null}},"30":{"start":{"line":0,"column":0},"end":{"line":0,"column":0},"skip":true},"31":{"start":{"line":6,"column":9},"end":{"line":null,"column":null}},"32":{"start":{"line":0,"column":0},"end":{"line":0,"column":0},"skip":true},"33":{"start":{"line":10,"column":8},"end":{"line":null,"column":null}},"34":{"start":{"line":10,"column":27},"end":{"line":null,"column":null}},"35":{"start":{"line":12,"column":9},"end":{"line":null,"column":null}},"36":{"start":{"line":18,"column":8},"end":{"line":null,"column":null}},"37":{"start":{"line":18,"column":63},"end":{"line":null,"column":null}},"38":{"start":{"line":19,"column":10},"end":{"line":null,"column":null}},"39":{"start":{"line":19,"column":62},"end":{"line":null,"column":null}},"40":{"start":{"line":21,"column":13},"end":{"line":null,"column":null}},"41":{"start":{"line":29,"column":8},"end":{"line":null,"column":null}},"42":{"start":{"line":29,"column":27},"end":{"line":null,"column":null}},"43":{"start":{"line":30,"column":11},"end":{"line":null,"column":null}},"44":{"start":{"line":31,"column":13},"end":{"line":null,"column":null}},"45":{"start":{"line":32,"column":13},"end":{"line":null,"column":null}},"46":{"start":{"line":37,"column":8},"end":{"line":null,"column":null}},"47":{"start":{"line":37,"column":27},"end":{"line":null,"column":null}},"48":{"start":{"line":38,"column":11},"end":{"line":null,"column":null}},"49":{"start":{"line":39,"column":22},"end":{"line":null,"column":null}},"50":{"start":{"line":41,"column":14},"end":{"line":null,"column":null}},"51":{"start":{"line":42,"column":21},"end":{"line":null,"column":null}},"52":{"start":{"line":43,"column":42},"end":{"line":null,"column":null}},"53":{"start":{"line":44,"column":22},"end":{"line":null,"column":null}},"54":{"start":{"line":46,"column":15},"end":{"line":null,"column":null}},"55":{"start":{"line":54,"column":8},"end":{"line":null,"column":null}},"56":{"start":{"line":54,"column":26},"end":{"line":null,"column":null}},"57":{"start":{"line":55,"column":11},"end":{"line":null,"column":null}},"58":{"start":{"line":57,"column":12},"end":{"line":null,"column":null}},"59":{"start":{"line":58,"column":17},"end":{"line":null,"column":null}},"60":{"start":{"line":60,"column":14},"end":{"line":null,"column":null}},"61":{"start":{"line":65,"column":11},"end":{"line":null,"column":null}},"62":{"start":{"line":69,"column":11},"end":{"line":null,"column":null}},"63":{"start":{"line":73,"column":10},"end":{"line":null,"column":null}},"64":{"start":{"line":74,"column":11},"end":{"line":null,"column":null}},"65":{"start":{"line":76,"column":22},"end":{"line":null,"column":null}},"66":{"start":{"line":82,"column":20},"end":{"line":null,"column":null}},"67":{"start":{"line":0,"column":0},"end":{"line":0,"column":0},"skip":true}},"branchMap":{"1":{"line":0,"type":"binary-expr","locations":[{"start":{"line":0,"column":0},"end":{"line":0,"column":0},"skip":true},{"start":{"line":0,"column":0},"end":{"line":0,"column":0},"skip":true}]},"2":{"line":0,"type":"if","locations":[{"start":{"line":0,"column":0},"end":{"line":0,"column":0},"skip":true},{"start":{"line":0,"column":0},"end":{"line":0,"column":0},"skip":true}]},"3":{"line":0,"type":"if","locations":[{"start":{"line":0,"column":0},"end":{"line":0,"column":0},"skip":true},{"start":{"line":0,"column":0},"end":{"line":0,"column":0},"skip":true}]},"4":{"line":0,"type":"if","locations":[{"start":{"line":0,"column":0},"end":{"line":0,"column":0},"skip":true},{"start":{"line":0,"column":0},"end":{"line":0,"column":0},"skip":true}]},"5":{"line":0,"type":"if","locations":[{"start":{"line":0,"column":0},"end":{"line":0,"column":0},"skip":true},{"start":{"line":0,"column":0},"end":{"line":0,"column":0},"skip":true}]},"6":{"line":0,"type":"if","locations":[{"start":{"line":0,"column":0},"end":{"line":0,"column":0},"skip":true},{"start":{"line":0,"column":0},"end":{"line":0,"column":0},"skip":true}]},"7":{"line":10,"type":"if","locations":[{"start":{"line":10,"column":8},"end":{"line":10,"column":8}},{"start":{"line":10,"column":8},"end":{"line":10,"column":8}}]},"8":{"line":18,"type":"if","locations":[{"start":{"line":18,"column":8},"end":{"line":18,"column":8}},{"start":{"line":18,"column":8},"end":{"line":18,"column":8}}]},"9":{"line":18,"type":"binary-expr","locations":[{"start":{"line":18,"column":8},"end":{"line":18,"column":8}},{"start":{"line":18,"column":29},"end":{"line":18,"column":8}},{"start":{"line":18,"column":50},"end":{"line":18,"column":4}}]},"10":{"line":19,"type":"cond-expr","locations":[{"start":{"line":19,"column":39},"end":{"line":19,"column":21}},{"start":{"line":19,"column":76},"end":{"line":19,"column":4}}]},"11":{"line":29,"type":"if","locations":[{"start":{"line":29,"column":8},"end":{"line":29,"column":8}},{"start":{"line":29,"column":8},"end":{"line":29,"column":8}}]},"12":{"line":31,"type":"binary-expr","locations":[{"start":{"line":31,"column":21},"end":{"line":31,"column":34}},{"start":{"line":31,"column":34},"end":{"line":31,"column":20}}]},"13":{"line":37,"type":"if","locations":[{"start":{"line":37,"column":8},"end":{"line":37,"column":8}},{"start":{"line":37,"column":8},"end":{"line":37,"column":8}}]},"14":{"line":43,"type":"binary-expr","locations":[{"start":{"line":43,"column":11},"end":{"line":43,"column":11}},{"start":{"line":43,"column":24},"end":{"line":43,"column":10}}]},"15":{"line":54,"type":"if","locations":[{"start":{"line":54,"column":8},"end":{"line":54,"column":8}},{"start":{"line":54,"column":8},"end":{"line":54,"column":8}}]},"16":{"line":57,"type":"if","locations":[{"start":{"line":57,"column":12},"end":{"line":57,"column":12}},{"start":{"line":57,"column":12},"end":{"line":57,"column":12}}]},"17":{"line":69,"type":"binary-expr","locations":[{"start":{"line":69,"column":42},"end":{"line":69,"column":42}},{"start":{"line":69,"column":59},"end":{"line":69,"column":11}}]}}}}